<?xml version="1.0" encoding="UTF-8"?>
<!-- Generated by org.testng.reporters.JUnitReportReporter -->
<testsuite hostname="IND-CHN-LT11154" failures="0" tests="1" name="healenium.amazontest" time="10.772" errors="0" timestamp="06 Jun 2022 04:34:49 GMT" skipped="0">
  <testcase classname="healenium.amazontest" name="amazonSignin" time="10.772"/>
</testsuite> <!-- healenium.amazontest -->
