<?xml version="1.0" encoding="UTF-8"?>
<!-- Generated by org.testng.reporters.JUnitReportReporter -->
<testsuite hostname="IND-CHN-LT11154" failures="0" tests="1" name="healenium.testcase1" time="24.538" errors="0" timestamp="06 Jun 2022 04:55:11 GMT" skipped="0">
  <testcase classname="healenium.testcase1" name="guru99" time="24.538"/>
</testsuite> <!-- healenium.testcase1 -->
